11.06.2018 22:32:20 INFO OMail.MailService.MailService - Mail Service started on Host, listening to remote calls..
11.06.2018 22:33:47 INFO OMail.MailService.MailService - Mail Service started on Host, listening to remote calls..
11.06.2018 22:48:56 INFO OMail.MailService.MailService - Mail Service started on Host, listening to remote calls..
11.06.2018 22:50:59 INFO OMail.MailService.MailService - Mail Service started on Host, listening to remote calls..
11.06.2018 22:57:38 INFO OMail.MailService.MailService - Mail Service started on Host, listening to remote calls..
13.06.2018 22:32:09 INFO OMail.MailService.MailService - Mail Service started on Host, listening to remote calls..
13.06.2018 22:32:44 INFO OMail.MailService.MailService - Mail Service started on Host, listening to remote calls..
13.06.2018 22:37:18 INFO OMail.MailService.MailService - Mail Service started on Host, listening to remote calls..
13.06.2018 22:37:53 INFO OMail.MailService.MailService - Mail Service started on Host, listening to remote calls..
13.06.2018 22:46:16 INFO OMail.MailService.MailService - RegisterUser() called
15.06.2018 16:56:03 INFO OMail.MailService.MailService - Mail Service started on Host, listening to remote calls..
15.06.2018 16:56:52 INFO OMail.MailService.MailService - Mail Service started on Host, listening to remote calls..
15.06.2018 16:57:39 INFO OMail.MailService.MailService - RegisterUser() called
15.06.2018 16:59:17 INFO OMail.MailService.MailService - GetReceivedMessages() called
15.06.2018 16:59:17 INFO OMail.MailService.MailService - GetReceivedMessages() called
15.06.2018 17:00:57 INFO OMail.MailService.MailService - RegisterUser() called
15.06.2018 17:00:58 INFO OMail.MailService.MailService - GetReceivedMessages() called
15.06.2018 17:00:58 INFO OMail.MailService.MailService - GetReceivedMessages() called
15.06.2018 17:01:29 INFO OMail.MailService.MailService - SendMessage() called
15.06.2018 17:03:01 INFO OMail.MailService.MailService - Mail Service started on Host, listening to remote calls..
15.06.2018 17:03:59 INFO OMail.MailService.MailService - LoginUser() called
15.06.2018 17:04:00 INFO OMail.MailService.MailService - GetReceivedMessages() called
15.06.2018 17:04:00 INFO OMail.MailService.MailService - GetReceivedMessages() called
15.06.2018 17:04:48 INFO OMail.MailService.MailService - SendMessage() called
15.06.2018 17:18:42 INFO OMail.MailService.MailService - Mail Service started on Host, listening to remote calls..
15.06.2018 17:18:57 INFO OMail.MailService.MailService - LoginUser() called
15.06.2018 17:18:58 INFO OMail.MailService.MailService - GetReceivedMessages() called
15.06.2018 17:18:58 INFO OMail.MailService.MailService - GetReceivedMessages() called
15.06.2018 17:19:36 INFO OMail.MailService.MailService - SendMessage() called
15.06.2018 17:21:41 INFO OMail.MailService.MailService - Mail Service started on Host, listening to remote calls..
15.06.2018 17:21:52 INFO OMail.MailService.MailService - LoginUser() called
15.06.2018 17:21:53 INFO OMail.MailService.MailService - GetReceivedMessages() called
15.06.2018 17:21:53 INFO OMail.MailService.MailService - GetReceivedMessages() called
15.06.2018 17:22:06 INFO OMail.MailService.MailService - SendMessage() called
15.06.2018 17:26:17 INFO OMail.MailService.MailService - Mail Service started on Host, listening to remote calls..
15.06.2018 17:26:33 INFO OMail.MailService.MailService - RegisterUser() called
15.06.2018 17:26:37 INFO OMail.MailService.MailService - LoginUser() called
15.06.2018 17:26:37 INFO OMail.MailService.MailService - GetReceivedMessages() called
15.06.2018 17:26:59 INFO OMail.MailService.MailService - LoginUser() called
15.06.2018 17:26:59 INFO OMail.MailService.MailService - GetReceivedMessages() called
15.06.2018 17:27:18 INFO OMail.MailService.MailService - Mail Service started on Host, listening to remote calls..
15.06.2018 17:27:29 INFO OMail.MailService.MailService - LoginUser() called
15.06.2018 17:27:30 INFO OMail.MailService.MailService - GetReceivedMessages() called
15.06.2018 17:28:39 INFO OMail.MailService.MailService - LoginUser() called
15.06.2018 17:28:39 INFO OMail.MailService.MailService - GetReceivedMessages() called
15.06.2018 17:29:44 INFO OMail.MailService.MailService - Mail Service started on Host, listening to remote calls..
15.06.2018 17:30:10 INFO OMail.MailService.MailService - LoginUser() called
15.06.2018 17:30:14 INFO OMail.MailService.MailService - GetReceivedMessages() called
15.06.2018 17:31:43 INFO OMail.MailService.MailService - Mail Service started on Host, listening to remote calls..
15.06.2018 17:31:55 INFO OMail.MailService.MailService - LoginUser() called
15.06.2018 17:31:59 INFO OMail.MailService.MailService - GetReceivedMessages() called
15.06.2018 17:33:41 INFO OMail.MailService.MailService - Mail Service started on Host, listening to remote calls..
15.06.2018 17:34:03 INFO OMail.MailService.MailService - LoginUser() called
15.06.2018 17:36:04 INFO OMail.MailService.MailService - Mail Service started on Host, listening to remote calls..
15.06.2018 17:36:21 INFO OMail.MailService.MailService - LoginUser() called
15.06.2018 17:36:22 INFO OMail.MailService.MailService - GetReceivedMessages() called
15.06.2018 17:37:19 INFO OMail.MailService.MailService - Mail Service started on Host, listening to remote calls..
15.06.2018 17:37:36 INFO OMail.MailService.MailService - LoginUser() called
15.06.2018 17:37:37 INFO OMail.MailService.MailService - GetReceivedMessages() called
15.06.2018 17:37:37 INFO OMail.MailService.MailService - GetReceivedMessages() called
15.06.2018 17:45:48 INFO OMail.MailService.MailService - Mail Service started on Host, listening to remote calls..
15.06.2018 17:48:31 INFO OMail.MailService.MailService - Mail Service started on Host, listening to remote calls..
15.06.2018 17:51:25 INFO OMail.MailService.MailService - Mail Service started on Host, listening to remote calls..
15.06.2018 17:52:37 INFO OMail.MailService.MailService - Mail Service started on Host, listening to remote calls..
15.06.2018 17:52:51 INFO OMail.MailService.MailService - GetReceivedMessages() called
15.06.2018 17:55:40 INFO OMail.MailService.MailService - Mail Service started on Host, listening to remote calls..
15.06.2018 17:55:50 INFO OMail.MailService.MailService - GetReceivedMessages() called
15.06.2018 17:57:45 INFO OMail.MailService.MailService - Mail Service started on Host, listening to remote calls..
15.06.2018 17:58:29 INFO OMail.MailService.MailService - GetReceivedMessages() called
15.06.2018 18:00:13 INFO OMail.MailService.MailService - GetReceivedMessages() called
15.06.2018 18:02:42 INFO OMail.MailService.MailService - Mail Service started on Host, listening to remote calls..
15.06.2018 18:03:03 INFO OMail.MailService.MailService - GetReceivedMessages() called
15.06.2018 18:04:19 INFO OMail.MailService.MailService - Mail Service started on Host, listening to remote calls..
15.06.2018 18:04:19 INFO OMail.MailService.MailService - GetReceivedMessages() called
15.06.2018 18:11:11 INFO OMail.MailService.MailService - Mail Service started on Host, listening to remote calls..
15.06.2018 18:11:11 INFO OMail.MailService.MailService - GetReceivedMessages() called
15.06.2018 18:24:11 INFO OMail.MailService.MailService - GetReceivedMessages() called
15.06.2018 18:24:15 INFO OMail.MailService.MailService - GetReceivedMessages() called
15.06.2018 18:24:19 INFO OMail.MailService.MailService - GetReceivedMessages() called
15.06.2018 18:24:49 INFO OMail.MailService.MailService - GetReceivedMessages() called
15.06.2018 18:24:53 INFO OMail.MailService.MailService - GetReceivedMessages() called
15.06.2018 18:26:39 INFO OMail.MailService.MailService - GetReceivedMessages() called
15.06.2018 18:26:40 INFO OMail.MailService.MailService - GetReceivedMessages() called
15.06.2018 18:26:42 INFO OMail.MailService.MailService - GetReceivedMessages() called
15.06.2018 18:26:46 INFO OMail.MailService.MailService - GetReceivedMessages() called
15.06.2018 18:27:02 INFO OMail.MailService.MailService - GetReceivedMessages() called
15.06.2018 18:33:10 INFO OMail.MailService.MailService - GetReceivedMessages() called
15.06.2018 18:33:11 INFO OMail.MailService.MailService - GetReceivedMessages() called
15.06.2018 18:33:17 INFO OMail.MailService.MailService - GetReceivedMessages() called
15.06.2018 18:33:20 INFO OMail.MailService.MailService - GetReceivedMessages() called
15.06.2018 18:33:22 INFO OMail.MailService.MailService - GetReceivedMessages() called
15.06.2018 18:33:25 INFO OMail.MailService.MailService - GetReceivedMessages() called
15.06.2018 18:34:49 INFO OMail.MailService.MailService - LoginUser() called
15.06.2018 18:34:55 INFO OMail.MailService.MailService - RegisterUser() called
15.06.2018 18:35:00 INFO OMail.MailService.MailService - LoginUser() called
15.06.2018 18:35:13 INFO OMail.MailService.MailService - LoginUser() called
15.06.2018 18:35:41 INFO OMail.MailService.MailService - RegisterUser() called
15.06.2018 18:35:41 INFO OMail.MailService.MailService - GetReceivedMessages() called
15.06.2018 18:35:41 INFO OMail.MailService.MailService - GetReceivedMessages() called
15.06.2018 18:36:01 INFO OMail.MailService.MailService - SendMessage() called
15.06.2018 18:36:52 INFO OMail.MailService.MailService - LoginUser() called
15.06.2018 18:36:52 INFO OMail.MailService.MailService - GetReceivedMessages() called
15.06.2018 18:36:52 INFO OMail.MailService.MailService - GetReceivedMessages() called
15.06.2018 18:37:01 INFO OMail.MailService.MailService - SendMessage() called
15.06.2018 18:37:51 INFO OMail.MailService.MailService - SendMessage() called
15.06.2018 18:38:46 INFO OMail.MailService.MailService - LoginUser() called
15.06.2018 18:38:47 INFO OMail.MailService.MailService - GetReceivedMessages() called
15.06.2018 18:38:47 INFO OMail.MailService.MailService - GetReceivedMessages() called
15.06.2018 18:38:59 INFO OMail.MailService.MailService - SendMessage() called
15.06.2018 18:41:17 INFO OMail.MailService.MailService - LoginUser() called
15.06.2018 18:41:17 INFO OMail.MailService.MailService - GetReceivedMessages() called
15.06.2018 18:41:17 INFO OMail.MailService.MailService - GetReceivedMessages() called
15.06.2018 18:41:36 INFO OMail.MailService.MailService - SendMessage() called
15.06.2018 18:47:05 INFO OMail.MailService.MailService - RegisterUser() called
15.06.2018 18:49:36 INFO OMail.MailService.MailService - LoginUser() called
15.06.2018 18:49:38 INFO OMail.MailService.MailService - RegisterUser() called
15.06.2018 18:49:38 INFO OMail.MailService.MailService - GetReceivedMessages() called
15.06.2018 18:49:38 INFO OMail.MailService.MailService - GetReceivedMessages() called
15.06.2018 18:49:55 INFO OMail.MailService.MailService - SendMessage() called
15.06.2018 18:53:46 INFO OMail.MailService.MailService - RegisterUser() called
15.06.2018 18:53:46 INFO OMail.MailService.MailService - GetReceivedMessages() called
15.06.2018 18:53:46 INFO OMail.MailService.MailService - GetReceivedMessages() called
15.06.2018 18:54:03 INFO OMail.MailService.MailService - RegisterUser() called
15.06.2018 18:54:03 INFO OMail.MailService.MailService - GetReceivedMessages() called
15.06.2018 18:54:03 INFO OMail.MailService.MailService - GetReceivedMessages() called
15.06.2018 18:54:12 INFO OMail.MailService.MailService - SendMessage() called
17.06.2018 12:42:17 INFO OMail.MailService.MailService - LoginUser() called
17.06.2018 12:42:18 INFO OMail.MailService.MailService - GetReceivedMessages() called
17.06.2018 12:42:18 INFO OMail.MailService.MailService - GetReceivedMessages() called
17.06.2018 12:42:26 INFO OMail.MailService.MailService - GetSendedMessages() called
17.06.2018 12:42:27 INFO OMail.MailService.MailService - GetReceivedMessages() called
17.06.2018 12:43:47 INFO OMail.MailService.MailService - SendMessage() called
17.06.2018 12:44:29 INFO OMail.MailService.MailService - LoginUser() called
17.06.2018 12:44:31 INFO OMail.MailService.MailService - LoginUser() called
17.06.2018 12:44:34 INFO OMail.MailService.MailService - LoginUser() called
17.06.2018 12:44:34 INFO OMail.MailService.MailService - GetReceivedMessages() called
17.06.2018 12:44:34 INFO OMail.MailService.MailService - GetReceivedMessages() called
17.06.2018 12:54:54 INFO OMail.MailService.MailService - RegisterUser() called
17.06.2018 12:55:30 INFO OMail.MailService.MailService - LoginUser() called
17.06.2018 12:56:24 INFO OMail.MailService.MailService - RegisterUser() called
17.06.2018 12:57:52 INFO OMail.MailService.MailService - RegisterUser() called
17.06.2018 12:58:21 INFO OMail.MailService.MailService - GetReceivedMessages() called
17.06.2018 12:58:24 INFO OMail.MailService.MailService - GetReceivedMessages() called
17.06.2018 12:58:57 INFO OMail.MailService.MailService - RegisterUser() called
17.06.2018 12:58:57 INFO OMail.MailService.MailService - GetReceivedMessages() called
17.06.2018 12:58:57 INFO OMail.MailService.MailService - GetReceivedMessages() called
17.06.2018 12:59:15 INFO OMail.MailService.MailService - SendMessage() called
17.06.2018 12:59:20 INFO OMail.MailService.MailService - GetSendedMessages() called
17.06.2018 12:59:22 INFO OMail.MailService.MailService - GetReceivedMessages() called
17.06.2018 12:59:22 INFO OMail.MailService.MailService - GetSendedMessages() called
17.06.2018 12:59:23 INFO OMail.MailService.MailService - GetReceivedMessages() called
17.06.2018 12:59:31 INFO OMail.MailService.MailService - LoginUser() called
17.06.2018 12:59:41 INFO OMail.MailService.MailService - LoginUser() called
17.06.2018 12:59:41 INFO OMail.MailService.MailService - GetReceivedMessages() called
17.06.2018 12:59:41 INFO OMail.MailService.MailService - GetReceivedMessages() called
17.06.2018 13:23:26 INFO OMail.MailService.MailService - LoginUser() called
17.06.2018 13:24:06 INFO OMail.MailService.MailService - RegisterUser() called
17.06.2018 13:24:06 INFO OMail.MailService.MailService - GetReceivedMessages() called
17.06.2018 13:24:06 INFO OMail.MailService.MailService - GetReceivedMessages() called
17.06.2018 13:24:22 INFO OMail.MailService.MailService - GetSendedMessages() called
17.06.2018 13:24:34 INFO OMail.MailService.MailService - GetReceivedMessages() called
17.06.2018 13:24:35 INFO OMail.MailService.MailService - GetSendedMessages() called
17.06.2018 13:24:38 INFO OMail.MailService.MailService - GetReceivedMessages() called
17.06.2018 13:24:39 INFO OMail.MailService.MailService - GetSendedMessages() called
17.06.2018 13:24:40 INFO OMail.MailService.MailService - GetReceivedMessages() called
17.06.2018 13:24:49 INFO OMail.MailService.MailService - RegisterUser() called
17.06.2018 13:24:49 INFO OMail.MailService.MailService - GetReceivedMessages() called
17.06.2018 13:24:49 INFO OMail.MailService.MailService - GetReceivedMessages() called
17.06.2018 13:24:58 INFO OMail.MailService.MailService - LoginUser() called
17.06.2018 13:24:58 INFO OMail.MailService.MailService - GetReceivedMessages() called
17.06.2018 13:24:58 INFO OMail.MailService.MailService - GetReceivedMessages() called
17.06.2018 13:25:17 INFO OMail.MailService.MailService - SendMessage() called
17.06.2018 13:25:19 INFO OMail.MailService.MailService - GetSendedMessages() called
17.06.2018 13:36:25 INFO OMail.MailService.MailService - LoginUser() called
17.06.2018 13:36:25 INFO OMail.MailService.MailService - GetReceivedMessages() called
17.06.2018 13:36:25 INFO OMail.MailService.MailService - GetReceivedMessages() called
17.06.2018 13:36:27 INFO OMail.MailService.MailService - GetSendedMessages() called
17.06.2018 13:36:31 INFO OMail.MailService.MailService - GetReceivedMessages() called
17.06.2018 13:36:31 INFO OMail.MailService.MailService - GetSendedMessages() called
17.06.2018 13:37:29 INFO OMail.MailService.MailService - LoginUser() called
17.06.2018 13:37:29 INFO OMail.MailService.MailService - GetReceivedMessages() called
17.06.2018 13:37:29 INFO OMail.MailService.MailService - GetReceivedMessages() called
17.06.2018 13:39:56 INFO OMail.MailService.MailService - LoginUser() called
17.06.2018 13:39:58 INFO OMail.MailService.MailService - GetReceivedMessages() called
17.06.2018 13:39:58 INFO OMail.MailService.MailService - GetReceivedMessages() called
17.06.2018 13:40:21 INFO OMail.MailService.MailService - LoginUser() called
17.06.2018 13:40:21 INFO OMail.MailService.MailService - GetReceivedMessages() called
17.06.2018 13:40:21 INFO OMail.MailService.MailService - GetReceivedMessages() called
17.06.2018 13:40:23 INFO OMail.MailService.MailService - GetSendedMessages() called
17.06.2018 13:40:27 INFO OMail.MailService.MailService - GetReceivedMessages() called
17.06.2018 13:40:27 INFO OMail.MailService.MailService - GetSendedMessages() called
17.06.2018 13:42:01 INFO OMail.MailService.MailService - LoginUser() called
17.06.2018 13:42:01 INFO OMail.MailService.MailService - GetReceivedMessages() called
17.06.2018 13:42:01 INFO OMail.MailService.MailService - GetReceivedMessages() called
17.06.2018 13:42:03 INFO OMail.MailService.MailService - GetSendedMessages() called
17.06.2018 13:43:27 INFO OMail.MailService.MailService - LoginUser() called
17.06.2018 13:43:27 INFO OMail.MailService.MailService - GetReceivedMessages() called
17.06.2018 13:43:27 INFO OMail.MailService.MailService - GetReceivedMessages() called
17.06.2018 13:43:30 INFO OMail.MailService.MailService - GetSendedMessages() called
17.06.2018 13:46:03 INFO OMail.MailService.MailService - LoginUser() called
17.06.2018 13:46:03 INFO OMail.MailService.MailService - GetReceivedMessages() called
17.06.2018 13:46:17 INFO OMail.MailService.MailService - GetReceivedMessages() called
17.06.2018 13:46:55 INFO OMail.MailService.MailService - GetSendedMessages() called
17.06.2018 15:05:43 INFO OMail.MailService.MailService - RegisterUser() called
17.06.2018 15:05:43 INFO OMail.MailService.MailService - GetReceivedMessages() called
17.06.2018 15:05:43 INFO OMail.MailService.MailService - GetReceivedMessages() called
17.06.2018 15:05:52 INFO OMail.MailService.MailService - RegisterUser() called
17.06.2018 15:05:52 INFO OMail.MailService.MailService - GetReceivedMessages() called
17.06.2018 15:05:52 INFO OMail.MailService.MailService - GetReceivedMessages() called
17.06.2018 15:06:11 INFO OMail.MailService.MailService - SendMessage() called
17.06.2018 15:06:43 INFO OMail.MailService.MailService - LoginUser() called
17.06.2018 15:07:04 INFO OMail.MailService.MailService - LoginUser() called
17.06.2018 15:07:34 INFO OMail.MailService.MailService - RegisterUser() called
17.06.2018 15:08:19 INFO OMail.MailService.MailService - LoginUser() called
17.06.2018 15:08:24 INFO OMail.MailService.MailService - RegisterUser() called
17.06.2018 15:08:40 INFO OMail.MailService.MailService - GetReceivedMessages() called
17.06.2018 15:08:48 INFO OMail.MailService.MailService - GetReceivedMessages() called
17.06.2018 15:09:43 INFO OMail.MailService.MailService - LoginUser() called
17.06.2018 15:10:19 INFO OMail.MailService.MailService - LoginUser() called
17.06.2018 15:12:33 INFO OMail.MailService.MailService - LoginUser() called
17.06.2018 15:12:38 INFO OMail.MailService.MailService - LoginUser() called
17.06.2018 15:12:57 INFO OMail.MailService.MailService - RegisterUser() called
17.06.2018 15:12:57 INFO OMail.MailService.MailService - GetReceivedMessages() called
17.06.2018 15:12:57 INFO OMail.MailService.MailService - GetReceivedMessages() called
17.06.2018 15:13:03 INFO OMail.MailService.MailService - LoginUser() called
17.06.2018 15:13:03 INFO OMail.MailService.MailService - GetReceivedMessages() called
17.06.2018 15:13:03 INFO OMail.MailService.MailService - GetReceivedMessages() called
17.06.2018 15:13:20 INFO OMail.MailService.MailService - RegisterUser() called
17.06.2018 15:13:20 INFO OMail.MailService.MailService - GetReceivedMessages() called
17.06.2018 15:13:20 INFO OMail.MailService.MailService - GetReceivedMessages() called
17.06.2018 15:13:29 INFO OMail.MailService.MailService - SendMessage() called
17.06.2018 15:13:31 INFO OMail.MailService.MailService - GetSendedMessages() called
17.06.2018 15:14:06 INFO OMail.MailService.MailService - GetReceivedMessages() called
17.06.2018 15:14:06 INFO OMail.MailService.MailService - GetSendedMessages() called
17.06.2018 15:14:10 INFO OMail.MailService.MailService - GetReceivedMessages() called
17.06.2018 15:14:21 INFO OMail.MailService.MailService - LoginUser() called
17.06.2018 15:14:21 INFO OMail.MailService.MailService - GetReceivedMessages() called
17.06.2018 15:14:21 INFO OMail.MailService.MailService - GetReceivedMessages() called
17.06.2018 15:17:44 INFO OMail.MailService.MailService - LoginUser() called
17.06.2018 15:17:44 INFO OMail.MailService.MailService - GetReceivedMessages() called
17.06.2018 15:17:44 INFO OMail.MailService.MailService - GetReceivedMessages() called
17.06.2018 15:17:53 INFO OMail.MailService.MailService - GetSendedMessages() called
17.06.2018 15:17:54 INFO OMail.MailService.MailService - GetReceivedMessages() called
17.06.2018 15:18:03 INFO OMail.MailService.MailService - SendMessage() called
17.06.2018 15:18:04 INFO OMail.MailService.MailService - GetSendedMessages() called
17.06.2018 15:18:09 INFO OMail.MailService.MailService - GetReceivedMessages() called
17.06.2018 15:30:58 INFO OMail.MailService.MailService - RegisterUser() called
17.06.2018 15:31:02 INFO OMail.MailService.MailService - RegisterUser() called
17.06.2018 15:31:02 INFO OMail.MailService.MailService - GetReceivedMessages() called
17.06.2018 15:31:02 INFO OMail.MailService.MailService - GetReceivedMessages() called
17.06.2018 15:31:12 INFO OMail.MailService.MailService - GetSendedMessages() called
17.06.2018 15:31:13 INFO OMail.MailService.MailService - GetReceivedMessages() called
17.06.2018 15:31:14 INFO OMail.MailService.MailService - GetSendedMessages() called
17.06.2018 15:33:34 INFO OMail.MailService.MailService - LoginUser() called
17.06.2018 15:33:34 INFO OMail.MailService.MailService - GetReceivedMessages() called
17.06.2018 15:33:34 INFO OMail.MailService.MailService - GetReceivedMessages() called
17.06.2018 15:33:39 INFO OMail.MailService.MailService - GetSendedMessages() called
17.06.2018 15:33:40 INFO OMail.MailService.MailService - GetReceivedMessages() called
17.06.2018 15:33:40 INFO OMail.MailService.MailService - GetSendedMessages() called
17.06.2018 15:33:41 INFO OMail.MailService.MailService - GetReceivedMessages() called
17.06.2018 15:33:41 INFO OMail.MailService.MailService - GetSendedMessages() called
17.06.2018 15:33:42 INFO OMail.MailService.MailService - GetReceivedMessages() called
17.06.2018 15:36:45 INFO OMail.MailService.MailService - LoginUser() called
17.06.2018 15:36:45 INFO OMail.MailService.MailService - GetReceivedMessages() called
17.06.2018 15:36:45 INFO OMail.MailService.MailService - GetReceivedMessages() called
17.06.2018 15:37:26 INFO OMail.MailService.MailService - GetSendedMessages() called
17.06.2018 15:37:31 INFO OMail.MailService.MailService - GetReceivedMessages() called
17.06.2018 15:37:35 INFO OMail.MailService.MailService - GetSendedMessages() called
17.06.2018 15:37:36 INFO OMail.MailService.MailService - GetReceivedMessages() called
17.06.2018 15:37:52 INFO OMail.MailService.MailService - SendMessage() called
17.06.2018 15:37:53 INFO OMail.MailService.MailService - GetSendedMessages() called
17.06.2018 15:37:54 INFO OMail.MailService.MailService - GetReceivedMessages() called
17.06.2018 15:37:56 INFO OMail.MailService.MailService - GetSendedMessages() called
17.06.2018 15:38:00 INFO OMail.MailService.MailService - GetReceivedMessages() called
17.06.2018 15:39:00 INFO OMail.MailService.MailService - LoginUser() called
17.06.2018 15:39:00 INFO OMail.MailService.MailService - GetReceivedMessages() called
17.06.2018 15:39:00 INFO OMail.MailService.MailService - GetReceivedMessages() called
17.06.2018 15:39:32 INFO OMail.MailService.MailService - LoginUser() called
17.06.2018 15:39:32 INFO OMail.MailService.MailService - GetReceivedMessages() called
17.06.2018 15:39:32 INFO OMail.MailService.MailService - GetReceivedMessages() called
17.06.2018 15:40:18 INFO OMail.MailService.MailService - LoginUser() called
17.06.2018 15:40:18 INFO OMail.MailService.MailService - GetReceivedMessages() called
17.06.2018 15:40:18 INFO OMail.MailService.MailService - GetReceivedMessages() called
17.06.2018 15:40:21 INFO OMail.MailService.MailService - GetSendedMessages() called
17.06.2018 15:40:27 INFO OMail.MailService.MailService - GetReceivedMessages() called
17.06.2018 15:40:28 INFO OMail.MailService.MailService - GetSendedMessages() called
17.06.2018 15:40:29 INFO OMail.MailService.MailService - GetReceivedMessages() called
17.06.2018 15:40:30 INFO OMail.MailService.MailService - GetSendedMessages() called
17.06.2018 15:40:32 INFO OMail.MailService.MailService - GetReceivedMessages() called
17.06.2018 15:42:18 INFO OMail.MailService.MailService - LoginUser() called
17.06.2018 15:42:18 INFO OMail.MailService.MailService - GetReceivedMessages() called
17.06.2018 15:42:18 INFO OMail.MailService.MailService - GetReceivedMessages() called
17.06.2018 15:42:21 INFO OMail.MailService.MailService - GetSendedMessages() called
17.06.2018 15:42:23 INFO OMail.MailService.MailService - GetReceivedMessages() called
17.06.2018 15:42:42 INFO OMail.MailService.MailService - LoginUser() called
17.06.2018 15:42:42 INFO OMail.MailService.MailService - GetReceivedMessages() called
17.06.2018 15:42:42 INFO OMail.MailService.MailService - GetReceivedMessages() called
17.06.2018 15:42:52 INFO OMail.MailService.MailService - GetSendedMessages() called
17.06.2018 15:43:00 INFO OMail.MailService.MailService - GetReceivedMessages() called
17.06.2018 15:43:01 INFO OMail.MailService.MailService - GetSendedMessages() called
17.06.2018 15:48:28 INFO OMail.MailService.MailService - LoginUser() called
17.06.2018 15:48:28 INFO OMail.MailService.MailService - GetReceivedMessages() called
17.06.2018 15:48:28 INFO OMail.MailService.MailService - GetReceivedMessages() called
17.06.2018 15:48:47 INFO OMail.MailService.MailService - SendMessage() called
17.06.2018 15:48:49 INFO OMail.MailService.MailService - GetSendedMessages() called
17.06.2018 15:49:58 INFO OMail.MailService.MailService - LoginUser() called
17.06.2018 15:49:59 INFO OMail.MailService.MailService - GetReceivedMessages() called
17.06.2018 15:49:59 INFO OMail.MailService.MailService - GetReceivedMessages() called
17.06.2018 15:50:00 INFO OMail.MailService.MailService - GetSendedMessages() called
17.06.2018 15:52:07 INFO OMail.MailService.MailService - LoginUser() called
17.06.2018 15:52:07 INFO OMail.MailService.MailService - GetReceivedMessages() called
17.06.2018 15:52:07 INFO OMail.MailService.MailService - GetReceivedMessages() called
17.06.2018 15:52:28 INFO OMail.MailService.MailService - LoginUser() called
17.06.2018 15:52:28 INFO OMail.MailService.MailService - GetReceivedMessages() called
17.06.2018 15:52:28 INFO OMail.MailService.MailService - GetReceivedMessages() called
17.06.2018 15:52:30 INFO OMail.MailService.MailService - GetSendedMessages() called
17.06.2018 15:56:20 INFO OMail.MailService.MailService - LoginUser() called
17.06.2018 15:56:20 INFO OMail.MailService.MailService - GetReceivedMessages() called
17.06.2018 15:56:20 INFO OMail.MailService.MailService - GetReceivedMessages() called
17.06.2018 15:56:22 INFO OMail.MailService.MailService - GetSendedMessages() called
17.06.2018 15:57:53 INFO OMail.MailService.MailService - LoginUser() called
17.06.2018 15:57:53 INFO OMail.MailService.MailService - GetReceivedMessages() called
17.06.2018 15:57:53 INFO OMail.MailService.MailService - GetReceivedMessages() called
17.06.2018 15:57:56 INFO OMail.MailService.MailService - GetSendedMessages() called
17.06.2018 15:59:28 INFO OMail.MailService.MailService - LoginUser() called
17.06.2018 15:59:28 INFO OMail.MailService.MailService - GetReceivedMessages() called
17.06.2018 15:59:28 INFO OMail.MailService.MailService - GetReceivedMessages() called
17.06.2018 15:59:29 INFO OMail.MailService.MailService - GetSendedMessages() called
17.06.2018 15:59:36 INFO OMail.MailService.MailService - SendMessage() called
17.06.2018 15:59:39 INFO OMail.MailService.MailService - GetReceivedMessages() called
17.06.2018 15:59:39 INFO OMail.MailService.MailService - GetSendedMessages() called
17.06.2018 15:59:41 INFO OMail.MailService.MailService - GetReceivedMessages() called
17.06.2018 15:59:43 INFO OMail.MailService.MailService - GetSendedMessages() called
17.06.2018 15:59:44 INFO OMail.MailService.MailService - GetReceivedMessages() called
17.06.2018 16:00:00 INFO OMail.MailService.MailService - SendMessage() called
17.06.2018 16:00:02 INFO OMail.MailService.MailService - GetSendedMessages() called
17.06.2018 16:00:15 INFO OMail.MailService.MailService - SendMessage() called
17.06.2018 16:00:16 INFO OMail.MailService.MailService - GetReceivedMessages() called
17.06.2018 16:00:17 INFO OMail.MailService.MailService - GetSendedMessages() called
17.06.2018 16:02:16 INFO OMail.MailService.MailService - LoginUser() called
17.06.2018 16:02:16 INFO OMail.MailService.MailService - GetReceivedMessages() called
17.06.2018 16:03:14 INFO OMail.MailService.MailService - LoginUser() called
17.06.2018 16:03:14 INFO OMail.MailService.MailService - GetReceivedMessages() called
17.06.2018 16:04:25 INFO OMail.MailService.MailService - LoginUser() called
17.06.2018 16:04:25 INFO OMail.MailService.MailService - GetReceivedMessages() called
17.06.2018 16:04:27 INFO OMail.MailService.MailService - GetSendedMessages() called
17.06.2018 16:04:29 INFO OMail.MailService.MailService - GetReceivedMessages() called
17.06.2018 16:04:34 INFO OMail.MailService.MailService - GetSendedMessages() called
17.06.2018 16:04:37 INFO OMail.MailService.MailService - GetReceivedMessages() called
17.06.2018 16:05:12 INFO OMail.MailService.MailService - LoginUser() called
17.06.2018 16:05:12 INFO OMail.MailService.MailService - GetReceivedMessages() called
17.06.2018 16:05:14 INFO OMail.MailService.MailService - GetSendedMessages() called
17.06.2018 16:05:16 INFO OMail.MailService.MailService - GetReceivedMessages() called
17.06.2018 16:05:46 INFO OMail.MailService.MailService - LoginUser() called
17.06.2018 16:05:46 INFO OMail.MailService.MailService - GetReceivedMessages() called
17.06.2018 16:05:47 INFO OMail.MailService.MailService - GetSendedMessages() called
17.06.2018 16:05:51 INFO OMail.MailService.MailService - GetReceivedMessages() called
17.06.2018 16:05:52 INFO OMail.MailService.MailService - GetSendedMessages() called
17.06.2018 16:07:17 INFO OMail.MailService.MailService - LoginUser() called
17.06.2018 16:07:17 INFO OMail.MailService.MailService - GetReceivedMessages() called
17.06.2018 16:07:18 INFO OMail.MailService.MailService - GetSendedMessages() called
17.06.2018 16:08:31 INFO OMail.MailService.MailService - LoginUser() called
17.06.2018 16:08:31 INFO OMail.MailService.MailService - GetReceivedMessages() called
17.06.2018 16:08:32 INFO OMail.MailService.MailService - GetSendedMessages() called
17.06.2018 16:08:34 INFO OMail.MailService.MailService - GetReceivedMessages() called
17.06.2018 16:08:38 INFO OMail.MailService.MailService - GetSendedMessages() called
18.06.2018 13:23:17 INFO OMail.MailService.MailService - RegisterUser() called
18.06.2018 13:23:18 INFO OMail.MailService.MailService - GetReceivedMessages() called
18.06.2018 13:23:33 INFO OMail.MailService.MailService - SendMessage() called
18.06.2018 13:23:35 INFO OMail.MailService.MailService - GetSendedMessages() called
18.06.2018 13:23:50 INFO OMail.MailService.MailService - SendMessage() called
18.06.2018 13:23:51 INFO OMail.MailService.MailService - GetReceivedMessages() called
18.06.2018 13:23:52 INFO OMail.MailService.MailService - GetSendedMessages() called
18.06.2018 13:23:53 INFO OMail.MailService.MailService - GetReceivedMessages() called
18.06.2018 13:24:01 INFO OMail.MailService.MailService - LoginUser() called
18.06.2018 13:24:19 INFO OMail.MailService.MailService - LoginUser() called
18.06.2018 13:24:22 INFO OMail.MailService.MailService - RegisterUser() called
18.06.2018 13:24:22 INFO OMail.MailService.MailService - GetReceivedMessages() called
18.06.2018 13:24:26 INFO OMail.MailService.MailService - GetSendedMessages() called
18.06.2018 13:24:27 INFO OMail.MailService.MailService - GetReceivedMessages() called
18.06.2018 13:25:02 INFO OMail.MailService.MailService - RegisterUser() called
18.06.2018 13:25:02 INFO OMail.MailService.MailService - GetReceivedMessages() called
18.06.2018 13:25:11 INFO OMail.MailService.MailService - SendMessage() called
18.06.2018 13:25:17 INFO OMail.MailService.MailService - LoginUser() called
18.06.2018 13:25:17 INFO OMail.MailService.MailService - GetReceivedMessages() called
18.06.2018 13:25:53 INFO OMail.MailService.MailService - GetSendedMessages() called
18.06.2018 13:26:12 INFO OMail.MailService.MailService - GetReceivedMessages() called
18.06.2018 13:26:16 INFO OMail.MailService.MailService - SendMessage() called
18.06.2018 13:26:17 INFO OMail.MailService.MailService - GetSendedMessages() called
18.06.2018 13:27:07 INFO OMail.MailService.MailService - LoginUser() called
18.06.2018 13:27:11 INFO OMail.MailService.MailService - LoginUser() called
18.06.2018 13:27:11 INFO OMail.MailService.MailService - GetReceivedMessages() called
18.06.2018 13:27:13 INFO OMail.MailService.MailService - GetSendedMessages() called
18.06.2018 13:27:14 INFO OMail.MailService.MailService - GetReceivedMessages() called
18.06.2018 13:28:31 INFO OMail.MailService.MailService - SendMessage() called
18.06.2018 13:28:32 INFO OMail.MailService.MailService - GetSendedMessages() called
18.06.2018 13:28:35 INFO OMail.MailService.MailService - SendMessage() called
18.06.2018 13:28:36 INFO OMail.MailService.MailService - GetReceivedMessages() called
18.06.2018 13:28:37 INFO OMail.MailService.MailService - GetSendedMessages() called
18.06.2018 13:28:40 INFO OMail.MailService.MailService - SendMessage() called
18.06.2018 13:29:01 INFO OMail.MailService.MailService - GetReceivedMessages() called
18.06.2018 13:29:05 INFO OMail.MailService.MailService - GetSendedMessages() called
18.06.2018 13:29:08 INFO OMail.MailService.MailService - GetReceivedMessages() called
18.06.2018 18:00:22 INFO OMail.MailService.MailService - RegisterUser() called
18.06.2018 18:00:23 INFO OMail.MailService.MailService - GetReceivedMessages() called
18.06.2018 18:01:06 INFO OMail.MailService.MailService - LoginUser() called
18.06.2018 18:01:06 INFO OMail.MailService.MailService - GetReceivedMessages() called
18.06.2018 18:04:02 INFO OMail.MailService.MailService - LoginUser() called
18.06.2018 18:04:02 INFO OMail.MailService.MailService - GetReceivedMessages() called
18.06.2018 18:04:13 INFO OMail.MailService.MailService - GetSendedMessages() called
18.06.2018 18:04:15 INFO OMail.MailService.MailService - GetReceivedMessages() called
18.06.2018 18:05:24 INFO OMail.MailService.MailService - LoginUser() called
18.06.2018 18:05:24 INFO OMail.MailService.MailService - GetReceivedMessages() called
18.06.2018 18:07:15 INFO OMail.MailService.MailService - LoginUser() called
18.06.2018 18:07:15 INFO OMail.MailService.MailService - GetReceivedMessages() called
18.06.2018 18:08:49 INFO OMail.MailService.MailService - LoginUser() called
18.06.2018 18:08:49 INFO OMail.MailService.MailService - GetReceivedMessages() called
18.06.2018 18:08:56 INFO OMail.MailService.MailService - GetSendedMessages() called
18.06.2018 18:08:57 INFO OMail.MailService.MailService - GetReceivedMessages() called
18.06.2018 18:08:58 INFO OMail.MailService.MailService - GetSendedMessages() called
18.06.2018 18:08:58 INFO OMail.MailService.MailService - GetReceivedMessages() called
18.06.2018 18:11:20 INFO OMail.MailService.MailService - LoginUser() called
18.06.2018 18:11:20 INFO OMail.MailService.MailService - GetReceivedMessages() called
18.06.2018 18:13:00 INFO OMail.MailService.MailService - LoginUser() called
18.06.2018 18:13:00 INFO OMail.MailService.MailService - GetReceivedMessages() called
18.06.2018 18:14:11 INFO OMail.MailService.MailService - LoginUser() called
18.06.2018 18:14:11 INFO OMail.MailService.MailService - GetReceivedMessages() called
18.06.2018 18:15:09 INFO OMail.MailService.MailService - LoginUser() called
18.06.2018 18:15:09 INFO OMail.MailService.MailService - GetReceivedMessages() called
18.06.2018 18:17:19 INFO OMail.MailService.MailService - LoginUser() called
18.06.2018 18:17:19 INFO OMail.MailService.MailService - GetReceivedMessages() called
18.06.2018 18:18:27 INFO OMail.MailService.MailService - LoginUser() called
18.06.2018 18:18:27 INFO OMail.MailService.MailService - GetReceivedMessages() called
18.06.2018 18:19:34 INFO OMail.MailService.MailService - LoginUser() called
18.06.2018 18:19:34 INFO OMail.MailService.MailService - GetReceivedMessages() called
18.06.2018 18:19:46 INFO OMail.MailService.MailService - SendMessage() called
18.06.2018 18:19:47 INFO OMail.MailService.MailService - GetSendedMessages() called
18.06.2018 18:19:48 INFO OMail.MailService.MailService - GetReceivedMessages() called
18.06.2018 18:21:10 INFO OMail.MailService.MailService - LoginUser() called
18.06.2018 18:21:10 INFO OMail.MailService.MailService - GetReceivedMessages() called
18.06.2018 18:21:34 INFO OMail.MailService.MailService - GetSendedMessages() called
18.06.2018 18:21:35 INFO OMail.MailService.MailService - GetReceivedMessages() called
18.06.2018 18:23:54 INFO OMail.MailService.MailService - LoginUser() called
18.06.2018 18:23:54 INFO OMail.MailService.MailService - GetReceivedMessages() called
18.06.2018 18:24:04 INFO OMail.MailService.MailService - GetSendedMessages() called
18.06.2018 18:24:08 INFO OMail.MailService.MailService - GetReceivedMessages() called
18.06.2018 18:24:09 INFO OMail.MailService.MailService - GetSendedMessages() called
18.06.2018 18:24:09 INFO OMail.MailService.MailService - GetReceivedMessages() called
18.06.2018 18:24:15 INFO OMail.MailService.MailService - GetSendedMessages() called
18.06.2018 18:24:15 INFO OMail.MailService.MailService - GetReceivedMessages() called
18.06.2018 18:24:16 INFO OMail.MailService.MailService - GetSendedMessages() called
18.06.2018 18:24:16 INFO OMail.MailService.MailService - GetReceivedMessages() called
18.06.2018 18:24:17 INFO OMail.MailService.MailService - GetSendedMessages() called
18.06.2018 18:24:17 INFO OMail.MailService.MailService - GetReceivedMessages() called
18.06.2018 18:24:18 INFO OMail.MailService.MailService - GetSendedMessages() called
18.06.2018 18:24:19 INFO OMail.MailService.MailService - GetReceivedMessages() called
18.06.2018 18:24:49 INFO OMail.MailService.MailService - LoginUser() called
18.06.2018 18:24:49 INFO OMail.MailService.MailService - GetReceivedMessages() called
18.06.2018 18:24:50 INFO OMail.MailService.MailService - GetSendedMessages() called
18.06.2018 18:24:51 INFO OMail.MailService.MailService - GetReceivedMessages() called
18.06.2018 18:24:51 INFO OMail.MailService.MailService - GetSendedMessages() called
18.06.2018 18:24:52 INFO OMail.MailService.MailService - GetReceivedMessages() called
18.06.2018 18:25:24 INFO OMail.MailService.MailService - LoginUser() called
18.06.2018 18:25:24 INFO OMail.MailService.MailService - GetReceivedMessages() called
18.06.2018 18:25:25 INFO OMail.MailService.MailService - GetSendedMessages() called
18.06.2018 18:25:26 INFO OMail.MailService.MailService - GetReceivedMessages() called
18.06.2018 18:25:27 INFO OMail.MailService.MailService - GetSendedMessages() called
18.06.2018 18:25:30 INFO OMail.MailService.MailService - GetReceivedMessages() called
18.06.2018 18:25:31 INFO OMail.MailService.MailService - GetSendedMessages() called
18.06.2018 18:25:31 INFO OMail.MailService.MailService - GetReceivedMessages() called
18.06.2018 18:25:32 INFO OMail.MailService.MailService - GetSendedMessages() called
18.06.2018 18:25:32 INFO OMail.MailService.MailService - GetReceivedMessages() called
18.06.2018 18:25:33 INFO OMail.MailService.MailService - GetSendedMessages() called
18.06.2018 18:25:33 INFO OMail.MailService.MailService - GetReceivedMessages() called
18.06.2018 18:25:33 INFO OMail.MailService.MailService - GetSendedMessages() called
18.06.2018 18:25:33 INFO OMail.MailService.MailService - GetReceivedMessages() called
18.06.2018 18:25:33 INFO OMail.MailService.MailService - GetSendedMessages() called
18.06.2018 18:25:34 INFO OMail.MailService.MailService - GetReceivedMessages() called
18.06.2018 18:25:34 INFO OMail.MailService.MailService - GetSendedMessages() called
18.06.2018 18:25:34 INFO OMail.MailService.MailService - GetReceivedMessages() called
18.06.2018 18:25:34 INFO OMail.MailService.MailService - GetSendedMessages() called
18.06.2018 18:25:35 INFO OMail.MailService.MailService - GetReceivedMessages() called
18.06.2018 18:25:35 INFO OMail.MailService.MailService - GetSendedMessages() called
18.06.2018 18:25:36 INFO OMail.MailService.MailService - GetReceivedMessages() called
18.06.2018 18:25:52 INFO OMail.MailService.MailService - LoginUser() called
18.06.2018 18:25:52 INFO OMail.MailService.MailService - GetReceivedMessages() called
18.06.2018 18:25:54 INFO OMail.MailService.MailService - GetSendedMessages() called
18.06.2018 18:25:54 INFO OMail.MailService.MailService - GetReceivedMessages() called
18.06.2018 18:27:00 INFO OMail.MailService.MailService - LoginUser() called
18.06.2018 18:27:00 INFO OMail.MailService.MailService - GetReceivedMessages() called
